bash: /home/bhagui/stagiaire52/test1.sh: No such file or directory
bash: /home/bhagui/stagiaire52/test1.sh: No such file or directory
bash: /home/bhagui/stagiaire52/test1.sh: No such file or directory
bash: /home/bhagui/stagiaire52/test1.sh: No such file or directory
bash: /home/bhagui/stagiaire52/test1.sh: No such file or directory
Liste des fichiers :
total 16
drwxr-xr-x 1 bhagui bhagui  60 mai   23 14:09 .
drwxr-xr-x 1 bhagui bhagui 622 mai   23 10:42 ..
-rw-r--r-- 1 bhagui bhagui  94 mai   23 14:09 lance_sortie.sh
-rw-r--r-- 1 bhagui bhagui 356 mai   23 14:09 out.log
-rwxr-xr-x 1 bhagui bhagui  54 mai   23 14:00 test1.sh
Liste des fichiers :
total 16
drwxr-xr-x 1 bhagui bhagui  60 mai   23 14:09 .
drwxr-xr-x 1 bhagui bhagui 622 mai   23 10:42 ..
-rw-r--r-- 1 bhagui bhagui  94 mai   23 14:09 lance_sortie.sh
-rw-r--r-- 1 bhagui bhagui 654 mai   23 14:09 out.log
-rwxr-xr-x 1 bhagui bhagui  54 mai   23 14:00 test1.sh
Liste des fichiers :
total 20
drwxr-xr-x 1 bhagui bhagui  76 mai   23 14:19 .
drwxr-xr-x 1 bhagui bhagui 622 mai   23 10:42 ..
-rw-r--r-- 1 bhagui bhagui  94 mai   23 14:09 lance_sortie.sh
-rw-r--r-- 1 bhagui bhagui 952 mai   23 14:19 out.log
-rwxr-xr-x 1 bhagui bhagui  54 mai   23 14:00 test1.sh
-rw-r--r-- 1 bhagui bhagui  89 mai   23 14:19 test2.sh
Liste des fichiers :
total 20
drwxr-xr-x 1 bhagui bhagui   76 mai   23 14:19 .
drwxr-xr-x 1 bhagui bhagui  622 mai   23 10:42 ..
-rw-r--r-- 1 bhagui bhagui   94 mai   23 14:09 lance_sortie.sh
-rw-r--r-- 1 bhagui bhagui 1305 mai   23 14:19 out.log
-rwxr-xr-x 1 bhagui bhagui   54 mai   23 14:00 test1.sh
-rw-r--r-- 1 bhagui bhagui   89 mai   23 14:19 test2.sh
Liste des fichiers :
total 20
drwxr-xr-x 1 bhagui bhagui   76 mai   23 14:19 .
drwxr-xr-x 1 bhagui bhagui  622 mai   23 10:42 ..
-rw-r--r-- 1 bhagui bhagui   94 mai   23 14:09 lance_sortie.sh
-rw-r--r-- 1 bhagui bhagui 1664 mai   23 14:19 out.log
-rwxr-xr-x 1 bhagui bhagui   54 mai   23 14:00 test1.sh
-rw-r--r-- 1 bhagui bhagui   89 mai   23 14:19 test2.sh
Liste des fichiers :
total 20
drwxr-xr-x 1 bhagui bhagui   76 mai   23 14:19 .
drwxr-xr-x 1 bhagui bhagui  622 mai   23 10:42 ..
-rw-r--r-- 1 bhagui bhagui   94 mai   23 14:09 lance_sortie.sh
-rw-r--r-- 1 bhagui bhagui 2023 mai   23 14:19 out.log
-rwxr-xr-x 1 bhagui bhagui   54 mai   23 14:00 test1.sh
-rw-r--r-- 1 bhagui bhagui   89 mai   23 14:19 test2.sh
Liste des fichiers :
total 20
drwxr-xr-x 1 bhagui bhagui   76 mai   23 14:19 .
drwxr-xr-x 1 bhagui bhagui  622 mai   23 10:42 ..
-rw-r--r-- 1 bhagui bhagui   94 mai   23 14:09 lance_sortie.sh
-rw-r--r-- 1 bhagui bhagui 2382 mai   23 14:19 out.log
-rwxr-xr-x 1 bhagui bhagui   54 mai   23 14:00 test1.sh
-rw-r--r-- 1 bhagui bhagui   89 mai   23 14:19 test2.sh
